FMC737/app/build/intermediates/manifest_merge_blame_file/debug/manifest-merger-blame-debug-report.txt
1<?xml version="1.0" encoding="utf-8"?>
2<manifest xmlns:android="http://schemas.android.com/apk/res/android"
3    package="com.virtualfmc.fmc737"
4    android:versionCode="1"
5    android:versionName="1.0.0" >
6
7    <uses-sdk
8        android:minSdkVersion="19"
8-->src\main\AndroidManifest.xml
9        android:targetSdkVersion="34" />
9-->src\main\AndroidManifest.xml
10
11    <uses-permission android:name="android.permission.INTERNET" />
11-->src\main\AndroidManifest.xml:4:5-66
11-->src\main\AndroidManifest.xml:4:22-64
12    <uses-permission android:name="android.permission.ACCESS_NETWORK_STATE" />
12-->src\main\AndroidManifest.xml:5:5-78
12-->src\main\AndroidManifest.xml:5:22-76
13    <uses-permission android:name="android.permission.ACCESS_WIFI_STATE" />
13-->src\main\AndroidManifest.xml:6:5-75
13-->src\main\AndroidManifest.xml:6:22-73
14    <uses-permission android:name="android.permission.CHANGE_WIFI_MULTICAST_STATE" />
14-->src\main\AndroidManifest.xml:7:5-85
14-->src\main\AndroidManifest.xml:7:22-83
15    <uses-permission android:name="android.permission.VIBRATE" />
15-->src\main\AndroidManifest.xml:8:5-65
15-->src\main\AndroidManifest.xml:8:22-63
16
17    <application
17-->src\main\AndroidManifest.xml:10:5-34:19
18        android:allowBackup="true"
18-->src\main\AndroidManifest.xml:11:9-35
19        android:appComponentFactory="android.support.v4.app.CoreComponentFactory"
19-->[com.android.support:support-compat:28.0.0] AndroidManifest.xml:22:18-91
20        android:debuggable="true"
21        android:icon="@mipmap/ic_launcher"
21-->src\main\AndroidManifest.xml:12:9-43
22        android:label="737FMCPad"
22-->src\main\AndroidManifest.xml:13:9-34
23        android:largeHeap="true"
23-->src\main\AndroidManifest.xml:14:9-33
24        android:theme="@style/Theme.AppCompat.NoActionBar" >
24-->src\main\AndroidManifest.xml:15:9-59
25        <activity
25-->src\main\AndroidManifest.xml:17:9-26:20
26            android:name="com.virtualfmc.fmc737.MainActivity"
26-->src\main\AndroidManifest.xml:18:13-41
27            android:configChanges="orientation|screenSize|keyboardHidden"
27-->src\main\AndroidManifest.xml:21:13-74
28            android:exported="true"
28-->src\main\AndroidManifest.xml:19:13-36
29            android:screenOrientation="portrait" >
29-->src\main\AndroidManifest.xml:20:13-49
30            <intent-filter>
30-->src\main\AndroidManifest.xml:22:13-25:29
31                <action android:name="android.intent.action.MAIN" />
31-->src\main\AndroidManifest.xml:23:17-68
31-->src\main\AndroidManifest.xml:23:25-66
32
33                <category android:name="android.intent.category.LAUNCHER" />
33-->src\main\AndroidManifest.xml:24:17-76
33-->src\main\AndroidManifest.xml:24:27-74
34            </intent-filter>
35        </activity>
36        <activity
36-->src\main\AndroidManifest.xml:28:9-32:76
37            android:name="com.virtualfmc.fmc737.CalibrateActivity737"
37-->src\main\AndroidManifest.xml:29:13-49
38            android:configChanges="orientation|screenSize|keyboardHidden"
38-->src\main\AndroidManifest.xml:32:13-74
39            android:exported="true"
39-->src\main\AndroidManifest.xml:30:13-36
40            android:screenOrientation="portrait" />
40-->src\main\AndroidManifest.xml:31:13-49
41    </application>
42
43</manifest>